

Microchip MPLAB XC8 Assembler V2.36 build 20220127204148 
                                                                                               Sat Mar 12 17:08:04 2022

Microchip MPLAB XC8 C Compiler v2.36 (Free license) build 20220127204148 Og1 
     1                           	processor	16F1509
     2                           	pagewidth 120
     3                           	opt	flic
     4                           	psect	cinit,global,class=CODE,merge=1,delta=2
     5                           	psect	cstackCOMMON,global,class=COMMON,space=1,delta=1,noexec
     6                           	psect	maintext,global,class=CODE,merge=1,split=1,delta=2
     7                           	psect	idloc,global,abs,ovrld,class=IDLOC,space=5,delta=2,noexec
     8                           	psect	config,global,abs,ovrld,class=CONFIG,space=4,delta=2,noexec
     9                           	dabs	1,0x7E,2
    10  0000                     
    11                           ; Version 2.40
    12                           ; Generated 17/11/2021 GMT
    13                           ; 
    14                           ; Copyright © 2021, Microchip Technology Inc. and its subsidiaries ("Microchip")
    15                           ; All rights reserved.
    16                           ; 
    17                           ; This software is developed by Microchip Technology Inc. and its subsidiaries ("Microch
      +                          ip").
    18                           ; 
    19                           ; Redistribution and use in source and binary forms, with or without modification, are
    20                           ; permitted provided that the following conditions are met:
    21                           ; 
    22                           ;     1. Redistributions of source code must retain the above copyright notice, this lis
      +                          t of
    23                           ;        conditions and the following disclaimer.
    24                           ; 
    25                           ;     2. Redistributions in binary form must reproduce the above copyright notice, this 
      +                          list
    26                           ;        of conditions and the following disclaimer in the documentation and/or other
    27                           ;        materials provided with the distribution. Publication is not required when
    28                           ;        this file is used in an embedded application.
    29                           ; 
    30                           ;     3. Microchip's name may not be used to endorse or promote products derived from th
      +                          is
    31                           ;        software without specific prior written permission.
    32                           ; 
    33                           ; THIS SOFTWARE IS PROVIDED BY MICROCHIP "AS IS" AND ANY EXPRESS OR IMPLIED WARRANTIES,
    34                           ; INCLUDING, BUT NOT LIMITED TO, THE IMPLIED WARRANTIES OF MERCHANTABILITY AND FITNESS F
      +                          OR
    35                           ; PURPOSE ARE DISCLAIMED.  IN NO EVENT SHALL MICROCHIP BE LIABLE FOR ANY DIRECT, INDIREC
      +                          T,
    36                           ; INCIDENTAL, SPECIAL, EXEMPLARY, OR CONSEQUENTIAL DAMAGES (INCLUDING BUT NOT LIMITED TO
    37                           ; PROCUREMENT OF SUBSTITUTE GOODS OR SERVICES; LOSS OF USE, DATA OR PROFITS; OR BUSINESS
    38                           ; INTERRUPTION) HOWSOEVER CAUSED AND ON ANY THEORY OF LIABILITY, WHETHER IN CONTRACT, ST
      +                          RICT
    39                           ; LIABILITY, OR TORT (INCLUDING NEGLIGENCE OR OTHERWISE) ARISING IN ANY WAY OUT OF THE U
      +                          SE OF
    40                           ; THIS SOFTWARE, EVEN IF ADVISED OF THE POSSIBILITY OF SUCH DAMAGE.
    41                           ; 
    42                           ; 
    43                           ; Code-generator required, PIC16F1509 Definitions
    44                           ; 
    45                           ; SFR Addresses
    46  0000                     	;# 
    47  0001                     	;# 
    48  0002                     	;# 
    49  0003                     	;# 
    50  0004                     	;# 
    51  0005                     	;# 
    52  0006                     	;# 
    53  0007                     	;# 
    54  0008                     	;# 
    55  0009                     	;# 
    56  000A                     	;# 
    57  000B                     	;# 
    58  000C                     	;# 
    59  000D                     	;# 
    60  000E                     	;# 
    61  0011                     	;# 
    62  0012                     	;# 
    63  0013                     	;# 
    64  0015                     	;# 
    65  0016                     	;# 
    66  0016                     	;# 
    67  0017                     	;# 
    68  0018                     	;# 
    69  0019                     	;# 
    70  001A                     	;# 
    71  001B                     	;# 
    72  001C                     	;# 
    73  008C                     	;# 
    74  008D                     	;# 
    75  008E                     	;# 
    76  0091                     	;# 
    77  0092                     	;# 
    78  0093                     	;# 
    79  0095                     	;# 
    80  0096                     	;# 
    81  0097                     	;# 
    82  0099                     	;# 
    83  009A                     	;# 
    84  009B                     	;# 
    85  009B                     	;# 
    86  009C                     	;# 
    87  009D                     	;# 
    88  009E                     	;# 
    89  009F                     	;# 
    90  010C                     	;# 
    91  010D                     	;# 
    92  010E                     	;# 
    93  0111                     	;# 
    94  0112                     	;# 
    95  0113                     	;# 
    96  0114                     	;# 
    97  0115                     	;# 
    98  0116                     	;# 
    99  0117                     	;# 
   100  0118                     	;# 
   101  0119                     	;# 
   102  011D                     	;# 
   103  018C                     	;# 
   104  018D                     	;# 
   105  018E                     	;# 
   106  0191                     	;# 
   107  0191                     	;# 
   108  0192                     	;# 
   109  0193                     	;# 
   110  0193                     	;# 
   111  0194                     	;# 
   112  0195                     	;# 
   113  0196                     	;# 
   114  0197                     	;# 
   115  0199                     	;# 
   116  019A                     	;# 
   117  019B                     	;# 
   118  019B                     	;# 
   119  019C                     	;# 
   120  019D                     	;# 
   121  019E                     	;# 
   122  019F                     	;# 
   123  020C                     	;# 
   124  020D                     	;# 
   125  0211                     	;# 
   126  0211                     	;# 
   127  0212                     	;# 
   128  0212                     	;# 
   129  0213                     	;# 
   130  0213                     	;# 
   131  0214                     	;# 
   132  0214                     	;# 
   133  0215                     	;# 
   134  0215                     	;# 
   135  0215                     	;# 
   136  0216                     	;# 
   137  0216                     	;# 
   138  0217                     	;# 
   139  0217                     	;# 
   140  0391                     	;# 
   141  0392                     	;# 
   142  0393                     	;# 
   143  0394                     	;# 
   144  0395                     	;# 
   145  0396                     	;# 
   146  0498                     	;# 
   147  0498                     	;# 
   148  0499                     	;# 
   149  049A                     	;# 
   150  049B                     	;# 
   151  049B                     	;# 
   152  049C                     	;# 
   153  049D                     	;# 
   154  049E                     	;# 
   155  049F                     	;# 
   156  0611                     	;# 
   157  0612                     	;# 
   158  0613                     	;# 
   159  0613                     	;# 
   160  0614                     	;# 
   161  0615                     	;# 
   162  0616                     	;# 
   163  0616                     	;# 
   164  0617                     	;# 
   165  0618                     	;# 
   166  0619                     	;# 
   167  0619                     	;# 
   168  061A                     	;# 
   169  061B                     	;# 
   170  061C                     	;# 
   171  061C                     	;# 
   172  0691                     	;# 
   173  0692                     	;# 
   174  0693                     	;# 
   175  0694                     	;# 
   176  0695                     	;# 
   177  0F0F                     	;# 
   178  0F10                     	;# 
   179  0F11                     	;# 
   180  0F12                     	;# 
   181  0F13                     	;# 
   182  0F14                     	;# 
   183  0F15                     	;# 
   184  0F16                     	;# 
   185  0F17                     	;# 
   186  0F18                     	;# 
   187  0F19                     	;# 
   188  0F1A                     	;# 
   189  0F1B                     	;# 
   190  0F1C                     	;# 
   191  0F1D                     	;# 
   192  0F1E                     	;# 
   193  0F1F                     	;# 
   194  0F20                     	;# 
   195  0F21                     	;# 
   196  0F22                     	;# 
   197  0F23                     	;# 
   198  0F24                     	;# 
   199  0F25                     	;# 
   200  0F26                     	;# 
   201  0F27                     	;# 
   202  0F28                     	;# 
   203  0F29                     	;# 
   204  0F2A                     	;# 
   205  0F2B                     	;# 
   206  0F2C                     	;# 
   207  0F2D                     	;# 
   208  0F2E                     	;# 
   209  0F2F                     	;# 
   210  0F8C                     	;# 
   211  0F8D                     	;# 
   212  0F91                     	;# 
   213  0F95                     	;# 
   214  0F96                     	;# 
   215  0F97                     	;# 
   216  0F9C                     	;# 
   217  0F9D                     	;# 
   218  0F9E                     	;# 
   219  0FE3                     	;# 
   220  0FE4                     	;# 
   221  0FE5                     	;# 
   222  0FE6                     	;# 
   223  0FE7                     	;# 
   224  0FE8                     	;# 
   225  0FE9                     	;# 
   226  0FEA                     	;# 
   227  0FEB                     	;# 
   228  0FED                     	;# 
   229  0FEE                     	;# 
   230  0FEF                     	;# 
   231  000E                     _PORTCbits	set	14
   232  008E                     _TRISCbits	set	142
   233  010E                     _LATCbits	set	270
   234                           
   235                           	psect	cinit
   236  07FD                     start_initialization:	
   237                           ; #config settings
   238                           
   239  07FD                     __initialization:
   240  07FD                     end_of_initialization:	
   241                           ;End of C runtime variable initialization code
   242                           
   243  07FD                     __end_of__initialization:
   244  07FD  0020               	movlb	0
   245  07FE  3185  2DA2         	ljmp	_main	;jump to C main() function
   246                           
   247                           	psect	cstackCOMMON
   248  0070                     __pcstackCOMMON:
   249  0070                     ?_main:
   250  0070                     ??_main:	
   251                           ; 1 bytes @ 0x0
   252                           
   253                           
   254                           ; 1 bytes @ 0x0
   255  0070                     	ds	1
   256  0071                     main@d:
   257                           
   258                           ; 2 bytes @ 0x1
   259  0071                     	ds	2
   260  0073                     main@a:
   261                           
   262                           ; 2 bytes @ 0x3
   263  0073                     	ds	2
   264  0075                     main@c:
   265                           
   266                           ; 2 bytes @ 0x5
   267  0075                     	ds	2
   268  0077                     main@state2:
   269                           
   270                           ; 1 bytes @ 0x7
   271  0077                     	ds	1
   272  0078                     main@state1:
   273                           
   274                           ; 1 bytes @ 0x8
   275  0078                     	ds	1
   276                           
   277                           	psect	maintext
   278  05A2                     __pmaintext:	
   279 ;;
   280 ;;Main: autosize = 0, tempsize = 1, incstack = 0, save=0
   281 ;;
   282 ;; *************** function _main *****************
   283 ;; Defined at:
   284 ;;		line 21 in file "newmain.c"
   285 ;; Parameters:    Size  Location     Type
   286 ;;		None
   287 ;; Auto vars:     Size  Location     Type
   288 ;;  c               2    5[COMMON] unsigned int 
   289 ;;  a               2    3[COMMON] unsigned int 
   290 ;;  d               2    1[COMMON] unsigned int 
   291 ;;  state1          1    8[COMMON] unsigned char 
   292 ;;  state2          1    7[COMMON] unsigned char 
   293 ;; Return value:  Size  Location     Type
   294 ;;                  1    wreg      void 
   295 ;; Registers used:
   296 ;;		wreg, status,2, status,0
   297 ;; Tracked objects:
   298 ;;		On entry : B1F/0
   299 ;;		On exit  : 0/0
   300 ;;		Unchanged: 0/0
   301 ;; Data sizes:     COMMON   BANK0   BANK1   BANK2   BANK3   BANK4   BANK5   BANK6
   302 ;;      Params:         0       0       0       0       0       0       0       0
   303 ;;      Locals:         8       0       0       0       0       0       0       0
   304 ;;      Temps:          1       0       0       0       0       0       0       0
   305 ;;      Totals:         9       0       0       0       0       0       0       0
   306 ;;Total ram usage:        9 bytes
   307 ;; This function calls:
   308 ;;		Nothing
   309 ;; This function is called by:
   310 ;;		Startup code after reset
   311 ;; This function uses a non-reentrant model
   312 ;;
   313                           
   314  05A2                     _main:	
   315                           ;psect for function _main
   316                           
   317  05A2                     l602:	
   318                           ;incstack = 0
   319                           ; Regs used in _main: [wreg+status,2+status,0]
   320                           
   321                           
   322                           ;newmain.c: 22:     unsigned char state2 = 0, state1 = 0;
   323  05A2  01F7               	clrf	main@state2
   324  05A3  01F8               	clrf	main@state1
   325                           
   326                           ;newmain.c: 23:     unsigned int c = 0, d = 0, a = 0;
   327  05A4  01F5               	clrf	main@c
   328  05A5  01F6               	clrf	main@c+1
   329  05A6  01F1               	clrf	main@d
   330  05A7  01F2               	clrf	main@d+1
   331  05A8  01F3               	clrf	main@a
   332  05A9  01F4               	clrf	main@a+1
   333  05AA                     l604:
   334                           
   335                           ;newmain.c: 24:     TRISCbits.TRISC0 = 0;
   336  05AA  0021               	movlb	1	; select bank1
   337  05AB  100E               	bcf	14,0	;volatile
   338  05AC                     l606:
   339                           
   340                           ;newmain.c: 25:     TRISCbits.TRISC1 = 0;
   341  05AC  108E               	bcf	14,1	;volatile
   342  05AD                     l608:
   343                           
   344                           ;newmain.c: 26:     TRISCbits.TRISC2 = 0;
   345  05AD  110E               	bcf	14,2	;volatile
   346  05AE                     l610:
   347                           
   348                           ;newmain.c: 27:     TRISCbits.TRISC5 = 1;
   349  05AE  168E               	bsf	14,5	;volatile
   350  05AF                     l612:
   351                           
   352                           ;newmain.c: 28:     TRISCbits.TRISC6 = 1;
   353  05AF  170E               	bsf	14,6	;volatile
   354  05B0                     l614:
   355                           
   356                           ;newmain.c: 29:     TRISCbits.TRISC7 = 1;
   357  05B0  178E               	bsf	14,7	;volatile
   358  05B1                     l616:
   359                           
   360                           ;newmain.c: 30:     LATCbits.LATC0 = 0;
   361  05B1  0022               	movlb	2	; select bank2
   362  05B2  100E               	bcf	14,0	;volatile
   363  05B3                     l618:
   364                           
   365                           ;newmain.c: 31:     LATCbits.LATC1 = 0;
   366  05B3  108E               	bcf	14,1	;volatile
   367  05B4                     l620:
   368                           
   369                           ;newmain.c: 32:     LATCbits.LATC2 = 0;
   370  05B4  110E               	bcf	14,2	;volatile
   371  05B5                     l622:
   372                           
   373                           ;newmain.c: 37:         if ((state1==0)&&(PORTCbits.RC5==1)) {state1 = 1;a = 1;};
   374  05B5  0878               	movf	main@state1,w
   375  05B6  1D03               	btfss	3,2
   376  05B7  2DB9               	goto	u11
   377  05B8  2DBA               	goto	u10
   378  05B9                     u11:
   379  05B9  2DC5               	goto	l630
   380  05BA                     u10:
   381  05BA                     l624:
   382  05BA  0020               	movlb	0	; select bank0
   383  05BB  1E8E               	btfss	14,5	;volatile
   384  05BC  2DBE               	goto	u21
   385  05BD  2DBF               	goto	u20
   386  05BE                     u21:
   387  05BE  2DC5               	goto	l630
   388  05BF                     u20:
   389  05BF                     l626:
   390  05BF  01F8               	clrf	main@state1
   391  05C0  0AF8               	incf	main@state1,f
   392  05C1                     l628:
   393  05C1  3001               	movlw	1
   394  05C2  00F3               	movwf	main@a
   395  05C3  3000               	movlw	0
   396  05C4  00F4               	movwf	main@a+1
   397  05C5                     l630:
   398                           
   399                           ;newmain.c: 38:         if ((state1==1)&&(PORTCbits.RC5==0)) {state1 = 2;a = 1;};
   400  05C5  0378               	decf	main@state1,w
   401  05C6  1D03               	btfss	3,2
   402  05C7  2DC9               	goto	u31
   403  05C8  2DCA               	goto	u30
   404  05C9                     u31:
   405  05C9  2DD7               	goto	l636
   406  05CA                     u30:
   407  05CA                     l632:
   408  05CA  0020               	movlb	0	; select bank0
   409  05CB  1A8E               	btfsc	14,5	;volatile
   410  05CC  2DCE               	goto	u41
   411  05CD  2DCF               	goto	u40
   412  05CE                     u41:
   413  05CE  2DD7               	goto	l636
   414  05CF                     u40:
   415  05CF                     l634:
   416  05CF  3002               	movlw	2
   417  05D0  00F0               	movwf	??_main
   418  05D1  0870               	movf	??_main,w
   419  05D2  00F8               	movwf	main@state1
   420  05D3  3001               	movlw	1
   421  05D4  00F3               	movwf	main@a
   422  05D5  3000               	movlw	0
   423  05D6  00F4               	movwf	main@a+1
   424  05D7                     l636:
   425                           
   426                           ;newmain.c: 39:         if ((state1==2)&&(PORTCbits.RC5==1)) {state1 = 3;a = 1;};
   427  05D7  3002               	movlw	2
   428  05D8  0678               	xorwf	main@state1,w
   429  05D9  1D03               	btfss	3,2
   430  05DA  2DDC               	goto	u51
   431  05DB  2DDD               	goto	u50
   432  05DC                     u51:
   433  05DC  2DEA               	goto	l642
   434  05DD                     u50:
   435  05DD                     l638:
   436  05DD  0020               	movlb	0	; select bank0
   437  05DE  1E8E               	btfss	14,5	;volatile
   438  05DF  2DE1               	goto	u61
   439  05E0  2DE2               	goto	u60
   440  05E1                     u61:
   441  05E1  2DEA               	goto	l642
   442  05E2                     u60:
   443  05E2                     l640:
   444  05E2  3003               	movlw	3
   445  05E3  00F0               	movwf	??_main
   446  05E4  0870               	movf	??_main,w
   447  05E5  00F8               	movwf	main@state1
   448  05E6  3001               	movlw	1
   449  05E7  00F3               	movwf	main@a
   450  05E8  3000               	movlw	0
   451  05E9  00F4               	movwf	main@a+1
   452  05EA                     l642:
   453                           
   454                           ;newmain.c: 40:         if ((state1==3)&&(PORTCbits.RC5==0)) {state1 = 4;a = 1;};
   455  05EA  3003               	movlw	3
   456  05EB  0678               	xorwf	main@state1,w
   457  05EC  1D03               	btfss	3,2
   458  05ED  2DEF               	goto	u71
   459  05EE  2DF0               	goto	u70
   460  05EF                     u71:
   461  05EF  2DFD               	goto	l648
   462  05F0                     u70:
   463  05F0                     l644:
   464  05F0  0020               	movlb	0	; select bank0
   465  05F1  1A8E               	btfsc	14,5	;volatile
   466  05F2  2DF4               	goto	u81
   467  05F3  2DF5               	goto	u80
   468  05F4                     u81:
   469  05F4  2DFD               	goto	l648
   470  05F5                     u80:
   471  05F5                     l646:
   472  05F5  3004               	movlw	4
   473  05F6  00F0               	movwf	??_main
   474  05F7  0870               	movf	??_main,w
   475  05F8  00F8               	movwf	main@state1
   476  05F9  3001               	movlw	1
   477  05FA  00F3               	movwf	main@a
   478  05FB  3000               	movlw	0
   479  05FC  00F4               	movwf	main@a+1
   480  05FD                     l648:
   481                           
   482                           ;newmain.c: 41:         if ((state1==4)&&(PORTCbits.RC5==1)) {state1 = 5;a = 1;};
   483  05FD  3004               	movlw	4
   484  05FE  0678               	xorwf	main@state1,w
   485  05FF  1D03               	btfss	3,2
   486  0600  2E02               	goto	u91
   487  0601  2E03               	goto	u90
   488  0602                     u91:
   489  0602  2E10               	goto	l654
   490  0603                     u90:
   491  0603                     l650:
   492  0603  0020               	movlb	0	; select bank0
   493  0604  1E8E               	btfss	14,5	;volatile
   494  0605  2E07               	goto	u101
   495  0606  2E08               	goto	u100
   496  0607                     u101:
   497  0607  2E10               	goto	l654
   498  0608                     u100:
   499  0608                     l652:
   500  0608  3005               	movlw	5
   501  0609  00F0               	movwf	??_main
   502  060A  0870               	movf	??_main,w
   503  060B  00F8               	movwf	main@state1
   504  060C  3001               	movlw	1
   505  060D  00F3               	movwf	main@a
   506  060E  3000               	movlw	0
   507  060F  00F4               	movwf	main@a+1
   508  0610                     l654:
   509                           
   510                           ;newmain.c: 42:         if ((state1==5)&&(PORTCbits.RC5==0)) {state1 = 6;a = 1;};
   511  0610  3005               	movlw	5
   512  0611  0678               	xorwf	main@state1,w
   513  0612  1D03               	btfss	3,2
   514  0613  2E15               	goto	u111
   515  0614  2E16               	goto	u110
   516  0615                     u111:
   517  0615  2E23               	goto	l660
   518  0616                     u110:
   519  0616                     l656:
   520  0616  0020               	movlb	0	; select bank0
   521  0617  1A8E               	btfsc	14,5	;volatile
   522  0618  2E1A               	goto	u121
   523  0619  2E1B               	goto	u120
   524  061A                     u121:
   525  061A  2E23               	goto	l660
   526  061B                     u120:
   527  061B                     l658:
   528  061B  3006               	movlw	6
   529  061C  00F0               	movwf	??_main
   530  061D  0870               	movf	??_main,w
   531  061E  00F8               	movwf	main@state1
   532  061F  3001               	movlw	1
   533  0620  00F3               	movwf	main@a
   534  0621  3000               	movlw	0
   535  0622  00F4               	movwf	main@a+1
   536  0623                     l660:
   537                           
   538                           ;newmain.c: 43:         if ((state1==6)&&(PORTCbits.RC5==1)) {state1 = 7;a = 1;};
   539  0623  3006               	movlw	6
   540  0624  0678               	xorwf	main@state1,w
   541  0625  1D03               	btfss	3,2
   542  0626  2E28               	goto	u131
   543  0627  2E29               	goto	u130
   544  0628                     u131:
   545  0628  2E36               	goto	l666
   546  0629                     u130:
   547  0629                     l662:
   548  0629  0020               	movlb	0	; select bank0
   549  062A  1E8E               	btfss	14,5	;volatile
   550  062B  2E2D               	goto	u141
   551  062C  2E2E               	goto	u140
   552  062D                     u141:
   553  062D  2E36               	goto	l666
   554  062E                     u140:
   555  062E                     l664:
   556  062E  3007               	movlw	7
   557  062F  00F0               	movwf	??_main
   558  0630  0870               	movf	??_main,w
   559  0631  00F8               	movwf	main@state1
   560  0632  3001               	movlw	1
   561  0633  00F3               	movwf	main@a
   562  0634  3000               	movlw	0
   563  0635  00F4               	movwf	main@a+1
   564  0636                     l666:
   565                           
   566                           ;newmain.c: 44:         if ((state1==7)&&(PORTCbits.RC5==0)) {state1 = 0;a = 1;};
   567  0636  3007               	movlw	7
   568  0637  0678               	xorwf	main@state1,w
   569  0638  1D03               	btfss	3,2
   570  0639  2E3B               	goto	u151
   571  063A  2E3C               	goto	u150
   572  063B                     u151:
   573  063B  2E46               	goto	l674
   574  063C                     u150:
   575  063C                     l668:
   576  063C  0020               	movlb	0	; select bank0
   577  063D  1A8E               	btfsc	14,5	;volatile
   578  063E  2E40               	goto	u161
   579  063F  2E41               	goto	u160
   580  0640                     u161:
   581  0640  2E46               	goto	l674
   582  0641                     u160:
   583  0641                     l670:
   584  0641  01F8               	clrf	main@state1
   585  0642                     l672:
   586  0642  3001               	movlw	1
   587  0643  00F3               	movwf	main@a
   588  0644  3000               	movlw	0
   589  0645  00F4               	movwf	main@a+1
   590  0646                     l674:
   591                           
   592                           ;newmain.c: 46:         if (a == 1){
   593  0646  0373               	decf	main@a,w
   594  0647  0474               	iorwf	main@a+1,w
   595  0648  1D03               	btfss	3,2
   596  0649  2E4B               	goto	u171
   597  064A  2E4C               	goto	u170
   598  064B                     u171:
   599  064B  2E8B               	goto	l694
   600  064C                     u170:
   601  064C                     l676:
   602                           
   603                           ;newmain.c: 47:             state2=0;
   604  064C  01F7               	clrf	main@state2
   605  064D                     l678:
   606                           
   607                           ;newmain.c: 48:             if ((state1==0)||(state1==1)){
   608  064D  0878               	movf	main@state1,w
   609  064E  1903               	btfsc	3,2
   610  064F  2E51               	goto	u181
   611  0650  2E52               	goto	u180
   612  0651                     u181:
   613  0651  2E57               	goto	l25
   614  0652                     u180:
   615  0652                     l680:
   616  0652  0378               	decf	main@state1,w
   617  0653  1D03               	btfss	3,2
   618  0654  2E56               	goto	u191
   619  0655  2E57               	goto	u190
   620  0656                     u191:
   621  0656  2E5B               	goto	l682
   622  0657                     u190:
   623  0657                     l25:
   624                           
   625                           ;newmain.c: 49:               LATCbits.LATC0 = 0;
   626  0657  0022               	movlb	2	; select bank2
   627  0658  100E               	bcf	14,0	;volatile
   628                           
   629                           ;newmain.c: 50:               LATCbits.LATC1 = 0;
   630  0659  108E               	bcf	14,1	;volatile
   631                           
   632                           ;newmain.c: 51:               LATCbits.LATC2 = 0;
   633  065A  110E               	bcf	14,2	;volatile
   634  065B                     l682:
   635                           
   636                           ;newmain.c: 53:             if ((state1==2)||(state1==3)){
   637  065B  3002               	movlw	2
   638  065C  0678               	xorwf	main@state1,w
   639  065D  1903               	btfsc	3,2
   640  065E  2E60               	goto	u201
   641  065F  2E61               	goto	u200
   642  0660                     u201:
   643  0660  2E67               	goto	l28
   644  0661                     u200:
   645  0661                     l684:
   646  0661  3003               	movlw	3
   647  0662  0678               	xorwf	main@state1,w
   648  0663  1D03               	btfss	3,2
   649  0664  2E66               	goto	u211
   650  0665  2E67               	goto	u210
   651  0666                     u211:
   652  0666  2E6B               	goto	l686
   653  0667                     u210:
   654  0667                     l28:
   655                           
   656                           ;newmain.c: 54:               LATCbits.LATC0 = 1;
   657  0667  0022               	movlb	2	; select bank2
   658  0668  140E               	bsf	14,0	;volatile
   659                           
   660                           ;newmain.c: 55:               LATCbits.LATC1 = 0;
   661  0669  108E               	bcf	14,1	;volatile
   662                           
   663                           ;newmain.c: 56:               LATCbits.LATC2 = 0;
   664  066A  110E               	bcf	14,2	;volatile
   665  066B                     l686:
   666                           
   667                           ;newmain.c: 58:             if ((state1==4)||(state1==5)){
   668  066B  3004               	movlw	4
   669  066C  0678               	xorwf	main@state1,w
   670  066D  1903               	btfsc	3,2
   671  066E  2E70               	goto	u221
   672  066F  2E71               	goto	u220
   673  0670                     u221:
   674  0670  2E77               	goto	l31
   675  0671                     u220:
   676  0671                     l688:
   677  0671  3005               	movlw	5
   678  0672  0678               	xorwf	main@state1,w
   679  0673  1D03               	btfss	3,2
   680  0674  2E76               	goto	u231
   681  0675  2E77               	goto	u230
   682  0676                     u231:
   683  0676  2E7B               	goto	l690
   684  0677                     u230:
   685  0677                     l31:
   686                           
   687                           ;newmain.c: 59:               LATCbits.LATC0 = 0;
   688  0677  0022               	movlb	2	; select bank2
   689  0678  100E               	bcf	14,0	;volatile
   690                           
   691                           ;newmain.c: 60:               LATCbits.LATC1 = 1;
   692  0679  148E               	bsf	14,1	;volatile
   693                           
   694                           ;newmain.c: 61:               LATCbits.LATC2 = 0;
   695  067A  110E               	bcf	14,2	;volatile
   696  067B                     l690:
   697                           
   698                           ;newmain.c: 63:             if ((state1==6)||(state1==7)){
   699  067B  3006               	movlw	6
   700  067C  0678               	xorwf	main@state1,w
   701  067D  1903               	btfsc	3,2
   702  067E  2E80               	goto	u241
   703  067F  2E81               	goto	u240
   704  0680                     u241:
   705  0680  2E87               	goto	l34
   706  0681                     u240:
   707  0681                     l692:
   708  0681  3007               	movlw	7
   709  0682  0678               	xorwf	main@state1,w
   710  0683  1D03               	btfss	3,2
   711  0684  2E86               	goto	u251
   712  0685  2E87               	goto	u250
   713  0686                     u251:
   714  0686  2E8B               	goto	l694
   715  0687                     u250:
   716  0687                     l34:
   717                           
   718                           ;newmain.c: 64:               LATCbits.LATC0 = 0;
   719  0687  0022               	movlb	2	; select bank2
   720  0688  100E               	bcf	14,0	;volatile
   721                           
   722                           ;newmain.c: 65:               LATCbits.LATC1 = 0;
   723  0689  108E               	bcf	14,1	;volatile
   724                           
   725                           ;newmain.c: 66:               LATCbits.LATC2 = 1;
   726  068A  150E               	bsf	14,2	;volatile
   727  068B                     l694:
   728                           
   729                           ;newmain.c: 73:         if ((state2==0)&&(PORTCbits.RC6==1)) {state2 = 1;a = 2;};
   730  068B  0877               	movf	main@state2,w
   731  068C  1D03               	btfss	3,2
   732  068D  2E8F               	goto	u261
   733  068E  2E90               	goto	u260
   734  068F                     u261:
   735  068F  2E9B               	goto	l702
   736  0690                     u260:
   737  0690                     l696:
   738  0690  0020               	movlb	0	; select bank0
   739  0691  1F0E               	btfss	14,6	;volatile
   740  0692  2E94               	goto	u271
   741  0693  2E95               	goto	u270
   742  0694                     u271:
   743  0694  2E9B               	goto	l702
   744  0695                     u270:
   745  0695                     l698:
   746  0695  01F7               	clrf	main@state2
   747  0696  0AF7               	incf	main@state2,f
   748  0697                     l700:
   749  0697  3002               	movlw	2
   750  0698  00F3               	movwf	main@a
   751  0699  3000               	movlw	0
   752  069A  00F4               	movwf	main@a+1
   753  069B                     l702:
   754                           
   755                           ;newmain.c: 74:         if ((state2==1)&&(PORTCbits.RC6==0)) {state2 = 2;a = 2;};
   756  069B  0377               	decf	main@state2,w
   757  069C  1D03               	btfss	3,2
   758  069D  2E9F               	goto	u281
   759  069E  2EA0               	goto	u280
   760  069F                     u281:
   761  069F  2EAD               	goto	l708
   762  06A0                     u280:
   763  06A0                     l704:
   764  06A0  0020               	movlb	0	; select bank0
   765  06A1  1B0E               	btfsc	14,6	;volatile
   766  06A2  2EA4               	goto	u291
   767  06A3  2EA5               	goto	u290
   768  06A4                     u291:
   769  06A4  2EAD               	goto	l708
   770  06A5                     u290:
   771  06A5                     l706:
   772  06A5  3002               	movlw	2
   773  06A6  00F0               	movwf	??_main
   774  06A7  0870               	movf	??_main,w
   775  06A8  00F7               	movwf	main@state2
   776  06A9  3002               	movlw	2
   777  06AA  00F3               	movwf	main@a
   778  06AB  3000               	movlw	0
   779  06AC  00F4               	movwf	main@a+1
   780  06AD                     l708:
   781                           
   782                           ;newmain.c: 75:         if ((state2==2)&&(PORTCbits.RC6==1)) {state2 = 3;a = 2;};
   783  06AD  3002               	movlw	2
   784  06AE  0677               	xorwf	main@state2,w
   785  06AF  1D03               	btfss	3,2
   786  06B0  2EB2               	goto	u301
   787  06B1  2EB3               	goto	u300
   788  06B2                     u301:
   789  06B2  2EC0               	goto	l714
   790  06B3                     u300:
   791  06B3                     l710:
   792  06B3  0020               	movlb	0	; select bank0
   793  06B4  1F0E               	btfss	14,6	;volatile
   794  06B5  2EB7               	goto	u311
   795  06B6  2EB8               	goto	u310
   796  06B7                     u311:
   797  06B7  2EC0               	goto	l714
   798  06B8                     u310:
   799  06B8                     l712:
   800  06B8  3003               	movlw	3
   801  06B9  00F0               	movwf	??_main
   802  06BA  0870               	movf	??_main,w
   803  06BB  00F7               	movwf	main@state2
   804  06BC  3002               	movlw	2
   805  06BD  00F3               	movwf	main@a
   806  06BE  3000               	movlw	0
   807  06BF  00F4               	movwf	main@a+1
   808  06C0                     l714:
   809                           
   810                           ;newmain.c: 76:         if ((state2==3)&&(PORTCbits.RC6==0)) {state2 = 4;a = 2;};
   811  06C0  3003               	movlw	3
   812  06C1  0677               	xorwf	main@state2,w
   813  06C2  1D03               	btfss	3,2
   814  06C3  2EC5               	goto	u321
   815  06C4  2EC6               	goto	u320
   816  06C5                     u321:
   817  06C5  2ED3               	goto	l720
   818  06C6                     u320:
   819  06C6                     l716:
   820  06C6  0020               	movlb	0	; select bank0
   821  06C7  1B0E               	btfsc	14,6	;volatile
   822  06C8  2ECA               	goto	u331
   823  06C9  2ECB               	goto	u330
   824  06CA                     u331:
   825  06CA  2ED3               	goto	l720
   826  06CB                     u330:
   827  06CB                     l718:
   828  06CB  3004               	movlw	4
   829  06CC  00F0               	movwf	??_main
   830  06CD  0870               	movf	??_main,w
   831  06CE  00F7               	movwf	main@state2
   832  06CF  3002               	movlw	2
   833  06D0  00F3               	movwf	main@a
   834  06D1  3000               	movlw	0
   835  06D2  00F4               	movwf	main@a+1
   836  06D3                     l720:
   837                           
   838                           ;newmain.c: 77:         if ((state2==4)&&(PORTCbits.RC6==1)) {state2 = 5;a = 2;};
   839  06D3  3004               	movlw	4
   840  06D4  0677               	xorwf	main@state2,w
   841  06D5  1D03               	btfss	3,2
   842  06D6  2ED8               	goto	u341
   843  06D7  2ED9               	goto	u340
   844  06D8                     u341:
   845  06D8  2EE6               	goto	l726
   846  06D9                     u340:
   847  06D9                     l722:
   848  06D9  0020               	movlb	0	; select bank0
   849  06DA  1F0E               	btfss	14,6	;volatile
   850  06DB  2EDD               	goto	u351
   851  06DC  2EDE               	goto	u350
   852  06DD                     u351:
   853  06DD  2EE6               	goto	l726
   854  06DE                     u350:
   855  06DE                     l724:
   856  06DE  3005               	movlw	5
   857  06DF  00F0               	movwf	??_main
   858  06E0  0870               	movf	??_main,w
   859  06E1  00F7               	movwf	main@state2
   860  06E2  3002               	movlw	2
   861  06E3  00F3               	movwf	main@a
   862  06E4  3000               	movlw	0
   863  06E5  00F4               	movwf	main@a+1
   864  06E6                     l726:
   865                           
   866                           ;newmain.c: 78:         if ((state2==5)&&(PORTCbits.RC6==0)) {state2 = 6;a = 2;};
   867  06E6  3005               	movlw	5
   868  06E7  0677               	xorwf	main@state2,w
   869  06E8  1D03               	btfss	3,2
   870  06E9  2EEB               	goto	u361
   871  06EA  2EEC               	goto	u360
   872  06EB                     u361:
   873  06EB  2EF9               	goto	l732
   874  06EC                     u360:
   875  06EC                     l728:
   876  06EC  0020               	movlb	0	; select bank0
   877  06ED  1B0E               	btfsc	14,6	;volatile
   878  06EE  2EF0               	goto	u371
   879  06EF  2EF1               	goto	u370
   880  06F0                     u371:
   881  06F0  2EF9               	goto	l732
   882  06F1                     u370:
   883  06F1                     l730:
   884  06F1  3006               	movlw	6
   885  06F2  00F0               	movwf	??_main
   886  06F3  0870               	movf	??_main,w
   887  06F4  00F7               	movwf	main@state2
   888  06F5  3002               	movlw	2
   889  06F6  00F3               	movwf	main@a
   890  06F7  3000               	movlw	0
   891  06F8  00F4               	movwf	main@a+1
   892  06F9                     l732:
   893                           
   894                           ;newmain.c: 79:         if ((state2==6)&&(PORTCbits.RC6==1)) {state2 = 7;a = 2;};
   895  06F9  3006               	movlw	6
   896  06FA  0677               	xorwf	main@state2,w
   897  06FB  1D03               	btfss	3,2
   898  06FC  2EFE               	goto	u381
   899  06FD  2EFF               	goto	u380
   900  06FE                     u381:
   901  06FE  2F0C               	goto	l738
   902  06FF                     u380:
   903  06FF                     l734:
   904  06FF  0020               	movlb	0	; select bank0
   905  0700  1F0E               	btfss	14,6	;volatile
   906  0701  2F03               	goto	u391
   907  0702  2F04               	goto	u390
   908  0703                     u391:
   909  0703  2F0C               	goto	l738
   910  0704                     u390:
   911  0704                     l736:
   912  0704  3007               	movlw	7
   913  0705  00F0               	movwf	??_main
   914  0706  0870               	movf	??_main,w
   915  0707  00F7               	movwf	main@state2
   916  0708  3002               	movlw	2
   917  0709  00F3               	movwf	main@a
   918  070A  3000               	movlw	0
   919  070B  00F4               	movwf	main@a+1
   920  070C                     l738:
   921                           
   922                           ;newmain.c: 80:         if ((state2==7)&&(PORTCbits.RC6==0)) {state2 = 0;a = 2;};
   923  070C  3007               	movlw	7
   924  070D  0677               	xorwf	main@state2,w
   925  070E  1D03               	btfss	3,2
   926  070F  2F11               	goto	u401
   927  0710  2F12               	goto	u400
   928  0711                     u401:
   929  0711  2F1C               	goto	l746
   930  0712                     u400:
   931  0712                     l740:
   932  0712  0020               	movlb	0	; select bank0
   933  0713  1B0E               	btfsc	14,6	;volatile
   934  0714  2F16               	goto	u411
   935  0715  2F17               	goto	u410
   936  0716                     u411:
   937  0716  2F1C               	goto	l746
   938  0717                     u410:
   939  0717                     l742:
   940  0717  01F7               	clrf	main@state2
   941  0718                     l744:
   942  0718  3002               	movlw	2
   943  0719  00F3               	movwf	main@a
   944  071A  3000               	movlw	0
   945  071B  00F4               	movwf	main@a+1
   946  071C                     l746:
   947                           
   948                           ;newmain.c: 83:         if (a == 2){
   949  071C  3002               	movlw	2
   950  071D  0673               	xorwf	main@a,w
   951  071E  0474               	iorwf	main@a+1,w
   952  071F  1D03               	btfss	3,2
   953  0720  2F22               	goto	u421
   954  0721  2F23               	goto	u420
   955  0722                     u421:
   956  0722  2FCB               	goto	l43
   957  0723                     u420:
   958  0723                     l748:
   959                           
   960                           ;newmain.c: 84:             state1 = 0;
   961  0723  01F8               	clrf	main@state1
   962  0724                     l750:
   963                           
   964                           ;newmain.c: 85:             if (state2==0){
   965  0724  0877               	movf	main@state2,w
   966  0725  1D03               	btfss	3,2
   967  0726  2F28               	goto	u431
   968  0727  2F29               	goto	u430
   969  0728                     u431:
   970  0728  2F2F               	goto	l760
   971  0729                     u430:
   972  0729                     l752:
   973                           
   974                           ;newmain.c: 86:                 c = 0;
   975  0729  01F5               	clrf	main@c
   976  072A  01F6               	clrf	main@c+1
   977  072B                     l754:
   978                           
   979                           ;newmain.c: 87:               LATCbits.LATC0 = 0;
   980  072B  0022               	movlb	2	; select bank2
   981  072C  100E               	bcf	14,0	;volatile
   982  072D                     l756:
   983                           
   984                           ;newmain.c: 88:               LATCbits.LATC1 = 0;
   985  072D  108E               	bcf	14,1	;volatile
   986  072E                     l758:
   987                           
   988                           ;newmain.c: 89:               LATCbits.LATC2 = 0;
   989  072E  110E               	bcf	14,2	;volatile
   990  072F                     l760:
   991                           
   992                           ;newmain.c: 91:           if ((state2==1)||(state2==2)) {
   993  072F  0377               	decf	main@state2,w
   994  0730  1903               	btfsc	3,2
   995  0731  2F33               	goto	u441
   996  0732  2F34               	goto	u440
   997  0733                     u441:
   998  0733  2F3A               	goto	l47
   999  0734                     u440:
  1000  0734                     l762:
  1001  0734  3002               	movlw	2
  1002  0735  0677               	xorwf	main@state2,w
  1003  0736  1D03               	btfss	3,2
  1004  0737  2F39               	goto	u451
  1005  0738  2F3A               	goto	u450
  1006  0739                     u451:
  1007  0739  2F5F               	goto	l776
  1008  073A                     u450:
  1009  073A                     l47:
  1010                           
  1011                           ;newmain.c: 92:               LATCbits.LATC1 = 0;
  1012  073A  0022               	movlb	2	; select bank2
  1013  073B  108E               	bcf	14,1	;volatile
  1014                           
  1015                           ;newmain.c: 93:               LATCbits.LATC2 = 0;
  1016  073C  110E               	bcf	14,2	;volatile
  1017                           
  1018                           ;newmain.c: 94:               LATCbits.LATC0 = 1;
  1019  073D  140E               	bsf	14,0	;volatile
  1020  073E                     l764:
  1021                           
  1022                           ;newmain.c: 95:               if (c < 500)
  1023  073E  3001               	movlw	1
  1024  073F  0276               	subwf	main@c+1,w
  1025  0740  30F4               	movlw	244
  1026  0741  1903               	skipnz
  1027  0742  0275               	subwf	main@c,w
  1028  0743  1803               	skipnc
  1029  0744  2F46               	goto	u461
  1030  0745  2F47               	goto	u460
  1031  0746                     u461:
  1032  0746  2F50               	goto	l768
  1033  0747                     u460:
  1034  0747                     l766:
  1035                           
  1036                           ;newmain.c: 96:               { c++;
  1037  0747  3001               	movlw	1
  1038  0748  07F5               	addwf	main@c,f
  1039  0749  3000               	movlw	0
  1040  074A  3DF6               	addwfc	main@c+1,f
  1041                           
  1042                           ;newmain.c: 97:                 _delay((unsigned long)((1)*(500000/4000.0)));}
  1043  074B  3029               	movlw	41
  1044  074C                     u607:
  1045  074C  0B89               	decfsz	9,f
  1046  074D  2F4C               	goto	u607
  1047  074E  3200               	nop2
  1048  074F  2F5F               	goto	l776
  1049  0750                     l768:
  1050  0750  3003               	movlw	3
  1051  0751  0276               	subwf	main@c+1,w
  1052  0752  30E8               	movlw	232
  1053  0753  1903               	skipnz
  1054  0754  0275               	subwf	main@c,w
  1055  0755  1803               	skipnc
  1056  0756  2F58               	goto	u471
  1057  0757  2F59               	goto	u470
  1058  0758                     u471:
  1059  0758  2F5D               	goto	l774
  1060  0759                     u470:
  1061  0759                     l770:
  1062                           
  1063                           ;newmain.c: 100:               LATCbits.LATC0 = 0;
  1064  0759  100E               	bcf	14,0	;volatile
  1065                           
  1066                           ;newmain.c: 101:               LATCbits.LATC1 = 0;
  1067  075A  108E               	bcf	14,1	;volatile
  1068                           
  1069                           ;newmain.c: 102:               LATCbits.LATC2 = 0;
  1070  075B  110E               	bcf	14,2	;volatile
  1071  075C  2F47               	goto	l766
  1072  075D                     l774:
  1073                           
  1074                           ;newmain.c: 107:                   c = 0;
  1075  075D  01F5               	clrf	main@c
  1076  075E  01F6               	clrf	main@c+1
  1077  075F                     l776:
  1078                           
  1079                           ;newmain.c: 111:             if ((state2==3) || (state2==4)) {
  1080  075F  3003               	movlw	3
  1081  0760  0677               	xorwf	main@state2,w
  1082  0761  1903               	btfsc	3,2
  1083  0762  2F64               	goto	u481
  1084  0763  2F65               	goto	u480
  1085  0764                     u481:
  1086  0764  2F6B               	goto	l54
  1087  0765                     u480:
  1088  0765                     l778:
  1089  0765  3004               	movlw	4
  1090  0766  0677               	xorwf	main@state2,w
  1091  0767  1D03               	btfss	3,2
  1092  0768  2F6A               	goto	u491
  1093  0769  2F6B               	goto	u490
  1094  076A                     u491:
  1095  076A  2F90               	goto	l792
  1096  076B                     u490:
  1097  076B                     l54:
  1098                           
  1099                           ;newmain.c: 112:               LATCbits.LATC0 = 0;
  1100  076B  0022               	movlb	2	; select bank2
  1101  076C  100E               	bcf	14,0	;volatile
  1102                           
  1103                           ;newmain.c: 113:               LATCbits.LATC1 = 1;
  1104  076D  148E               	bsf	14,1	;volatile
  1105                           
  1106                           ;newmain.c: 114:               LATCbits.LATC2 = 0;
  1107  076E  110E               	bcf	14,2	;volatile
  1108  076F                     l780:
  1109                           
  1110                           ;newmain.c: 115:               if (c < 500)
  1111  076F  3001               	movlw	1
  1112  0770  0276               	subwf	main@c+1,w
  1113  0771  30F4               	movlw	244
  1114  0772  1903               	skipnz
  1115  0773  0275               	subwf	main@c,w
  1116  0774  1803               	skipnc
  1117  0775  2F77               	goto	u501
  1118  0776  2F78               	goto	u500
  1119  0777                     u501:
  1120  0777  2F81               	goto	l784
  1121  0778                     u500:
  1122  0778                     l782:
  1123                           
  1124                           ;newmain.c: 116:               { c++;
  1125  0778  3001               	movlw	1
  1126  0779  07F5               	addwf	main@c,f
  1127  077A  3000               	movlw	0
  1128  077B  3DF6               	addwfc	main@c+1,f
  1129                           
  1130                           ;newmain.c: 117:                 _delay((unsigned long)((1)*(500000/4000.0)));}
  1131  077C  3029               	movlw	41
  1132  077D                     u617:
  1133  077D  0B89               	decfsz	9,f
  1134  077E  2F7D               	goto	u617
  1135  077F  3200               	nop2
  1136  0780  2F90               	goto	l792
  1137  0781                     l784:
  1138  0781  3003               	movlw	3
  1139  0782  0276               	subwf	main@c+1,w
  1140  0783  30E8               	movlw	232
  1141  0784  1903               	skipnz
  1142  0785  0275               	subwf	main@c,w
  1143  0786  1803               	skipnc
  1144  0787  2F89               	goto	u511
  1145  0788  2F8A               	goto	u510
  1146  0789                     u511:
  1147  0789  2F8E               	goto	l790
  1148  078A                     u510:
  1149  078A                     l786:
  1150                           
  1151                           ;newmain.c: 120:               LATCbits.LATC0 = 0;
  1152  078A  100E               	bcf	14,0	;volatile
  1153                           
  1154                           ;newmain.c: 121:               LATCbits.LATC1 = 0;
  1155  078B  108E               	bcf	14,1	;volatile
  1156                           
  1157                           ;newmain.c: 122:               LATCbits.LATC2 = 0;
  1158  078C  110E               	bcf	14,2	;volatile
  1159  078D  2F78               	goto	l782
  1160  078E                     l790:
  1161                           
  1162                           ;newmain.c: 127:                   c = 0;
  1163  078E  01F5               	clrf	main@c
  1164  078F  01F6               	clrf	main@c+1
  1165  0790                     l792:
  1166                           
  1167                           ;newmain.c: 131:             if ((state2==5) || (state2==6)) {
  1168  0790  3005               	movlw	5
  1169  0791  0677               	xorwf	main@state2,w
  1170  0792  1903               	btfsc	3,2
  1171  0793  2F95               	goto	u521
  1172  0794  2F96               	goto	u520
  1173  0795                     u521:
  1174  0795  2F9C               	goto	l61
  1175  0796                     u520:
  1176  0796                     l794:
  1177  0796  3006               	movlw	6
  1178  0797  0677               	xorwf	main@state2,w
  1179  0798  1D03               	btfss	3,2
  1180  0799  2F9B               	goto	u531
  1181  079A  2F9C               	goto	u530
  1182  079B                     u531:
  1183  079B  2FC1               	goto	l808
  1184  079C                     u530:
  1185  079C                     l61:
  1186                           
  1187                           ;newmain.c: 132:               LATCbits.LATC0 = 0;
  1188  079C  0022               	movlb	2	; select bank2
  1189  079D  100E               	bcf	14,0	;volatile
  1190                           
  1191                           ;newmain.c: 133:               LATCbits.LATC1 = 0;
  1192  079E  108E               	bcf	14,1	;volatile
  1193                           
  1194                           ;newmain.c: 134:               LATCbits.LATC2 = 1;
  1195  079F  150E               	bsf	14,2	;volatile
  1196  07A0                     l796:
  1197                           
  1198                           ;newmain.c: 135:               if (c < 500)
  1199  07A0  3001               	movlw	1
  1200  07A1  0276               	subwf	main@c+1,w
  1201  07A2  30F4               	movlw	244
  1202  07A3  1903               	skipnz
  1203  07A4  0275               	subwf	main@c,w
  1204  07A5  1803               	skipnc
  1205  07A6  2FA8               	goto	u541
  1206  07A7  2FA9               	goto	u540
  1207  07A8                     u541:
  1208  07A8  2FB2               	goto	l800
  1209  07A9                     u540:
  1210  07A9                     l798:
  1211                           
  1212                           ;newmain.c: 136:               { c++;
  1213  07A9  3001               	movlw	1
  1214  07AA  07F5               	addwf	main@c,f
  1215  07AB  3000               	movlw	0
  1216  07AC  3DF6               	addwfc	main@c+1,f
  1217                           
  1218                           ;newmain.c: 137:                 _delay((unsigned long)((1)*(500000/4000.0)));}
  1219  07AD  3029               	movlw	41
  1220  07AE                     u627:
  1221  07AE  0B89               	decfsz	9,f
  1222  07AF  2FAE               	goto	u627
  1223  07B0  3200               	nop2
  1224  07B1  2FC1               	goto	l808
  1225  07B2                     l800:
  1226  07B2  3003               	movlw	3
  1227  07B3  0276               	subwf	main@c+1,w
  1228  07B4  30E8               	movlw	232
  1229  07B5  1903               	skipnz
  1230  07B6  0275               	subwf	main@c,w
  1231  07B7  1803               	skipnc
  1232  07B8  2FBA               	goto	u551
  1233  07B9  2FBB               	goto	u550
  1234  07BA                     u551:
  1235  07BA  2FBF               	goto	l806
  1236  07BB                     u550:
  1237  07BB                     l802:
  1238                           
  1239                           ;newmain.c: 140:               LATCbits.LATC0 = 0;
  1240  07BB  100E               	bcf	14,0	;volatile
  1241                           
  1242                           ;newmain.c: 141:               LATCbits.LATC1 = 0;
  1243  07BC  108E               	bcf	14,1	;volatile
  1244                           
  1245                           ;newmain.c: 142:               LATCbits.LATC2 = 0;
  1246  07BD  110E               	bcf	14,2	;volatile
  1247  07BE  2FA9               	goto	l798
  1248  07BF                     l806:
  1249                           
  1250                           ;newmain.c: 147:                   c = 0;
  1251  07BF  01F5               	clrf	main@c
  1252  07C0  01F6               	clrf	main@c+1
  1253  07C1                     l808:
  1254                           
  1255                           ;newmain.c: 151:             if (state2==7) {
  1256  07C1  3007               	movlw	7
  1257  07C2  0677               	xorwf	main@state2,w
  1258  07C3  1D03               	btfss	3,2
  1259  07C4  2FC6               	goto	u561
  1260  07C5  2FC7               	goto	u560
  1261  07C6                     u561:
  1262  07C6  2FCB               	goto	l43
  1263  07C7                     u560:
  1264  07C7                     l810:
  1265                           
  1266                           ;newmain.c: 152:               LATCbits.LATC0 = 0;
  1267  07C7  0022               	movlb	2	; select bank2
  1268  07C8  100E               	bcf	14,0	;volatile
  1269                           
  1270                           ;newmain.c: 153:               LATCbits.LATC1 = 0;
  1271  07C9  108E               	bcf	14,1	;volatile
  1272                           
  1273                           ;newmain.c: 154:               LATCbits.LATC2 = 0;
  1274  07CA  110E               	bcf	14,2	;volatile
  1275  07CB                     l43:	
  1276                           ;newmain.c: 157: }
  1277                           
  1278                           
  1279                           ;newmain.c: 159:         if (PORTCbits.RC7 == 1) {
  1280  07CB  0020               	movlb	0	; select bank0
  1281  07CC  1F8E               	btfss	14,7	;volatile
  1282  07CD  2FCF               	goto	u571
  1283  07CE  2FD0               	goto	u570
  1284  07CF                     u571:
  1285  07CF  2DB5               	goto	l622
  1286  07D0                     u570:
  1287  07D0                     l812:
  1288                           
  1289                           ;newmain.c: 160:             if (d < 15)
  1290  07D0  3000               	movlw	0
  1291  07D1  0272               	subwf	main@d+1,w
  1292  07D2  300F               	movlw	15
  1293  07D3  1903               	skipnz
  1294  07D4  0271               	subwf	main@d,w
  1295  07D5  1803               	skipnc
  1296  07D6  2FD8               	goto	u581
  1297  07D7  2FD9               	goto	u580
  1298  07D8                     u581:
  1299  07D8  2FE6               	goto	l68
  1300  07D9                     u580:
  1301  07D9                     l814:
  1302                           
  1303                           ;newmain.c: 161:           { d++;
  1304  07D9  3001               	movlw	1
  1305  07DA  07F1               	addwf	main@d,f
  1306  07DB  3000               	movlw	0
  1307  07DC  3DF2               	addwfc	main@d+1,f
  1308                           
  1309                           ;newmain.c: 162:             _delay((unsigned long)((200)*(500000/4000.0)));}
  1310  07DD  3021               	movlw	33
  1311  07DE  00F0               	movwf	??_main
  1312  07DF  3076               	movlw	118
  1313  07E0                     u637:
  1314  07E0  0B89               	decfsz	9,f
  1315  07E1  2FE0               	goto	u637
  1316  07E2  0BF0               	decfsz	??_main,f
  1317  07E3  2FE0               	goto	u637
  1318  07E4  3200               	nop2
  1319  07E5  2DB5               	goto	l622
  1320  07E6                     l68:	
  1321                           ;newmain.c: 163:             else if (PORTCbits.RC7 == 1){
  1322                           
  1323  07E6  1F8E               	btfss	14,7	;volatile
  1324  07E7  2FE9               	goto	u591
  1325  07E8  2FEA               	goto	u590
  1326  07E9                     u591:
  1327  07E9  2FFA               	goto	l67
  1328  07EA                     u590:
  1329  07EA                     l816:
  1330                           
  1331                           ;newmain.c: 164:               LATCbits.LATC0 = 1;
  1332  07EA  0022               	movlb	2	; select bank2
  1333  07EB  140E               	bsf	14,0	;volatile
  1334                           
  1335                           ;newmain.c: 165:               LATCbits.LATC1 = 1;
  1336  07EC  148E               	bsf	14,1	;volatile
  1337                           
  1338                           ;newmain.c: 166:               LATCbits.LATC2 = 1;
  1339  07ED  150E               	bsf	14,2	;volatile
  1340  07EE                     l818:
  1341                           
  1342                           ;newmain.c: 167:               _delay((unsigned long)((500)*(500000/4000.0)));
  1343  07EE  3052               	movlw	82
  1344  07EF  00F0               	movwf	??_main
  1345  07F0  302A               	movlw	42
  1346  07F1                     u647:
  1347  07F1  0B89               	decfsz	9,f
  1348  07F2  2FF1               	goto	u647
  1349  07F3  0BF0               	decfsz	??_main,f
  1350  07F4  2FF1               	goto	u647
  1351  07F5                     l820:
  1352                           
  1353                           ;newmain.c: 168:                 state1=0;
  1354  07F5  01F8               	clrf	main@state1
  1355  07F6                     l822:
  1356                           
  1357                           ;newmain.c: 169:                 state2=0;
  1358  07F6  01F7               	clrf	main@state2
  1359  07F7                     l824:
  1360                           
  1361                           ;newmain.c: 170:                 d = 0;
  1362  07F7  01F1               	clrf	main@d
  1363  07F8  01F2               	clrf	main@d+1
  1364  07F9  2DB5               	goto	l622
  1365  07FA                     l67:	
  1366                           ;newmain.c: 172:         }
  1367                           
  1368  07FA  2DB5               	goto	l622
  1369  07FB  3180  2802         	ljmp	start
  1370  07FD                     __end_of_main:
  1371  007E                     btemp	set	126	;btemp
  1372  007E                     wtemp0	set	126
  1373                           
  1374                           	psect	idloc
  1375                           
  1376                           ;Config register IDLOC0 @ 0x8000
  1377                           ;	unspecified, using default values
  1378  8000                     	org	32768
  1379  8000  3FFF               	dw	16383
  1380                           
  1381                           ;Config register IDLOC1 @ 0x8001
  1382                           ;	unspecified, using default values
  1383  8001                     	org	32769
  1384  8001  3FFF               	dw	16383
  1385                           
  1386                           ;Config register IDLOC2 @ 0x8002
  1387                           ;	unspecified, using default values
  1388  8002                     	org	32770
  1389  8002  3FFF               	dw	16383
  1390                           
  1391                           ;Config register IDLOC3 @ 0x8003
  1392                           ;	unspecified, using default values
  1393  8003                     	org	32771
  1394  8003  3FFF               	dw	16383
  1395                           
  1396                           	psect	config
  1397                           
  1398                           ;Config register CONFIG1 @ 0x8007
  1399                           ;	Oscillator Selection Bits
  1400                           ;	FOSC = INTOSC, INTOSC oscillator: I/O function on CLKIN pin
  1401                           ;	Watchdog Timer Enable
  1402                           ;	WDTE = OFF, WDT disabled
  1403                           ;	Power-up Timer Enable
  1404                           ;	PWRTE = OFF, PWRT disabled
  1405                           ;	MCLR Pin Function Select
  1406                           ;	MCLRE = OFF, MCLR/VPP pin function is digital input
  1407                           ;	Flash Program Memory Code Protection
  1408                           ;	CP = OFF, Program memory code protection is disabled
  1409                           ;	Brown-out Reset Enable
  1410                           ;	BOREN = OFF, Brown-out Reset disabled
  1411                           ;	Clock Out Enable
  1412                           ;	CLKOUTEN = OFF, CLKOUT function is disabled. I/O or oscillator function on the CLKOUT 
      +                          pin
  1413                           ;	Internal/External Switchover Mode
  1414                           ;	IESO = OFF, Internal/External Switchover Mode is disabled
  1415                           ;	Fail-Safe Clock Monitor Enable
  1416                           ;	FCMEN = OFF, Fail-Safe Clock Monitor is disabled
  1417  8007                     	org	32775
  1418  8007  09A4               	dw	2468
  1419                           
  1420                           ;Config register CONFIG2 @ 0x8008
  1421                           ;	Flash Memory Self-Write Protection
  1422                           ;	WRT = OFF, Write protection off
  1423                           ;	Stack Overflow/Underflow Reset Enable
  1424                           ;	STVREN = OFF, Stack Overflow or Underflow will not cause a Reset
  1425                           ;	Brown-out Reset Voltage Selection
  1426                           ;	BORV = LO, Brown-out Reset Voltage (Vbor), low trip point selected.
  1427                           ;	Low-Power Brown Out Reset
  1428                           ;	LPBOR = OFF, Low-Power BOR is disabled
  1429                           ;	Low-Voltage Programming Enable
  1430                           ;	LVP = ON, Low-voltage programming enabled
  1431  8008                     	org	32776
  1432  8008  3DFF               	dw	15871

Data Sizes:
    Strings     0
    Constant    0
    Data        0
    BSS         0
    Persistent  32
    Stack       0

Auto Spaces:
    Space          Size  Autos    Used
    COMMON           14      9       9
    BANK0            80      0       0
    BANK1            80      0       0
    BANK2            80      0       0
    BANK3            80      0       0
    BANK4            80      0       0
    BANK5            80      0       0
    BANK6            16      0       0

Pointer List with Targets:

    None.

Critical Paths under _main in COMMON

    None.

Critical Paths under _main in BANK0

    None.

Critical Paths under _main in BANK1

    None.

Critical Paths under _main in BANK2

    None.

Critical Paths under _main in BANK3

    None.

Critical Paths under _main in BANK4

    None.

Critical Paths under _main in BANK5

    None.

Critical Paths under _main in BANK6

    None.

Call Graph Tables:

 ---------------------------------------------------------------------------------
 (Depth) Function   	        Calls       Base Space   Used Autos Params    Refs
 ---------------------------------------------------------------------------------
 (0) _main                                                 9     9      0     615
                                              0 COMMON     9     9      0
 ---------------------------------------------------------------------------------
 Estimated maximum stack depth 0
 ---------------------------------------------------------------------------------

 Call Graph Graphs:

 _main (ROOT)

 Address spaces:
Name               Size   Autos  Total    Cost      Usage
BIGRAM             1F0      0       0       0        0.0%
NULL                 0      0       0       0        0.0%
CODE                 0      0       0       0        0.0%
BITCOMMON            E      0       0       1        0.0%
BITSFR0              0      0       0       1        0.0%
SFR0                 0      0       0       1        0.0%
COMMON               E      9       9       2       64.3%
BITSFR1              0      0       0       2        0.0%
SFR1                 0      0       0       2        0.0%
BITSFR2              0      0       0       3        0.0%
SFR2                 0      0       0       3        0.0%
STACK                0      0       0       3        0.0%
BITSFR3              0      0       0       4        0.0%
SFR3                 0      0       0       4        0.0%
ABS                  0      0       0       4        0.0%
BITBANK0            50      0       0       5        0.0%
BITSFR4              0      0       0       5        0.0%
SFR4                 0      0       0       5        0.0%
BANK0               50      0       0       6        0.0%
BITSFR5              0      0       0       6        0.0%
SFR5                 0      0       0       6        0.0%
BITBANK1            50      0       0       7        0.0%
BITSFR6              0      0       0       7        0.0%
SFR6                 0      0       0       7        0.0%
BANK1               50      0       0       8        0.0%
BITSFR7              0      0       0       8        0.0%
SFR7                 0      0       0       8        0.0%
BITBANK2            50      0       0       9        0.0%
BITSFR8              0      0       0       9        0.0%
SFR8                 0      0       0       9        0.0%
BANK2               50      0       0      10        0.0%
BITSFR9              0      0       0      10        0.0%
SFR9                 0      0       0      10        0.0%
BITBANK3            50      0       0      11        0.0%
BITSFR10             0      0       0      11        0.0%
SFR10                0      0       0      11        0.0%
BANK3               50      0       0      12        0.0%
BITSFR11             0      0       0      12        0.0%
SFR11                0      0       0      12        0.0%
BITBANK4            50      0       0      13        0.0%
BITSFR12             0      0       0      13        0.0%
SFR12                0      0       0      13        0.0%
BANK4               50      0       0      14        0.0%
BITSFR13             0      0       0      14        0.0%
SFR13                0      0       0      14        0.0%
BITBANK5            50      0       0      15        0.0%
BITSFR14             0      0       0      15        0.0%
SFR14                0      0       0      15        0.0%
BANK5               50      0       0      16        0.0%
BITSFR15             0      0       0      16        0.0%
SFR15                0      0       0      16        0.0%
BITBANK6            10      0       0      17        0.0%
BITSFR16             0      0       0      17        0.0%
SFR16                0      0       0      17        0.0%
BANK6               10      0       0      18        0.0%
BITSFR17             0      0       0      18        0.0%
SFR17                0      0       0      18        0.0%
BITSFR18             0      0       0      19        0.0%
SFR18                0      0       0      19        0.0%
DATA                 0      0       0      19        0.0%
BITSFR19             0      0       0      20        0.0%
SFR19                0      0       0      20        0.0%
BITSFR20             0      0       0      21        0.0%
SFR20                0      0       0      21        0.0%
BITSFR21             0      0       0      22        0.0%
SFR21                0      0       0      22        0.0%
BITSFR22             0      0       0      23        0.0%
SFR22                0      0       0      23        0.0%
BITSFR23             0      0       0      24        0.0%
SFR23                0      0       0      24        0.0%
BITSFR24             0      0       0      25        0.0%
SFR24                0      0       0      25        0.0%
BITSFR25             0      0       0      26        0.0%
SFR25                0      0       0      26        0.0%
BITSFR26             0      0       0      27        0.0%
SFR26                0      0       0      27        0.0%
BITSFR27             0      0       0      28        0.0%
SFR27                0      0       0      28        0.0%
BITSFR28             0      0       0      29        0.0%
SFR28                0      0       0      29        0.0%
BITSFR29             0      0       0      30        0.0%
SFR29                0      0       0      30        0.0%
BITSFR30             0      0       0      31        0.0%
SFR30                0      0       0      31        0.0%
BITSFR31             0      0       0      32        0.0%
SFR31                0      0       0      32        0.0%


Microchip Technology PIC Macro Assembler V2.36 build 20220127204148 
Symbol Table                                                                                   Sat Mar 12 17:08:04 2022

                     l31 0677                       l25 0657                       l34 0687  
                     l43 07CB                       l28 0667                       l61 079C  
                     l54 076B                       l47 073A                       l67 07FA  
                     l68 07E6                       u10 05BA                       u11 05B9  
                     u20 05BF                       u21 05BE                       u30 05CA  
                     u31 05C9                       u40 05CF                       u41 05CE  
                     u50 05DD                       u51 05DC                       u60 05E2  
                     u61 05E1                       u70 05F0                       u71 05EF  
                     u80 05F5                       u81 05F4                       u90 0603  
                     u91 0602                      l610 05AE                      l602 05A2  
                    l700 0697                      l620 05B4                      l612 05AF  
                    l604 05AA                      l710 06B3                      l702 069B  
                    l630 05C5                      l622 05B5                      l614 05B0  
                    l606 05AC                      l800 07B2                      l720 06D3  
                    l712 06B8                      l704 06A0                      l640 05E2  
                    l632 05CA                      l624 05BA                      l616 05B1  
                    l608 05AD                      l810 07C7                      l802 07BB  
                    l730 06F1                      l722 06D9                      l714 06C0  
                    l706 06A5                      l650 0603                      l642 05EA  
                    l634 05CF                      l626 05BF                      l618 05B3  
                    l820 07F5                      l812 07D0                      l740 0712  
                    l732 06F9                      l724 06DE                      l716 06C6  
                    l708 06AD                      l660 0623                      l652 0608  
                    l644 05F0                      l636 05D7                      l628 05C1  
                    l822 07F6                      l814 07D9                      l806 07BF  
                    l750 0724                      l742 0717                      l734 06FF  
                    l726 06E6                      l718 06CB                      l670 0641  
                    l662 0629                      l654 0610                      l646 05F5  
                    l638 05DD                      l824 07F7                      l816 07EA  
                    l808 07C1                      l752 0729                      l760 072F  
                    l744 0718                      l736 0704                      l728 06EC  
                    l680 0652                      l672 0642                      l664 062E  
                    l656 0616                      l648 05FD                      l818 07EE  
                    l770 0759                      l762 0734                      l754 072B  
                    l746 071C                      l738 070C                      l690 067B  
                    l682 065B                      l674 0646                      l666 0636  
                    l658 061B                      l780 076F                      l764 073E  
                    l756 072D                      l748 0723                      l692 0681  
                    l684 0661                      l676 064C                      l668 063C  
                    l790 078E                      l782 0778                      l774 075D  
                    l766 0747                      l758 072E                      l686 066B  
                    l678 064D                      l694 068B                      l784 0781  
                    l792 0790                      l768 0750                      l776 075F  
                    l696 0690                      l688 0671                      l794 0796  
                    l786 078A                      l778 0765                      l698 0695  
                    l796 07A0                      l798 07A9                      u100 0608  
                    u101 0607                      u110 0616                      u111 0615  
                    u200 0661                      u120 061B                      u201 0660  
                    u121 061A                      u210 0667                      u130 0629  
                    u211 0666                      u131 0628                      u300 06B3  
                    u220 0671                      u140 062E                      u301 06B2  
                    u221 0670                      u141 062D                      u310 06B8  
                    u230 0677                      u150 063C                      u311 06B7  
                    u231 0676                      u151 063B                      u400 0712  
                    u320 06C6                      u240 0681                      u160 0641  
                    u401 0711                      u321 06C5                      u241 0680  
                    u161 0640                      u410 0717                      u330 06CB  
                    u250 0687                      u170 064C                      u411 0716  
                    u331 06CA                      u251 0686                      u171 064B  
                    u500 0778                      u420 0723                      u340 06D9  
                    u260 0690                      u180 0652                      u501 0777  
                    u421 0722                      u341 06D8                      u261 068F  
                    u181 0651                      u510 078A                      u430 0729  
                    u350 06DE                      u270 0695                      u190 0657  
                    u511 0789                      u431 0728                      u351 06DD  
                    u271 0694                      u191 0656                      u520 0796  
                    u440 0734                      u360 06EC                      u280 06A0  
                    u521 0795                      u441 0733                      u361 06EB  
                    u281 069F                      u530 079C                      u450 073A  
                    u370 06F1                      u290 06A5                      u531 079B  
                    u451 0739                      u371 06F0                      u291 06A4  
                    u540 07A9                      u460 0747                      u380 06FF  
                    u541 07A8                      u461 0746                      u381 06FE  
                    u550 07BB                      u470 0759                      u390 0704  
                    u551 07BA                      u471 0758                      u607 074C  
                    u391 0703                      u560 07C7                      u480 0765  
                    u561 07C6                      u617 077D                      u481 0764  
                    u570 07D0                      u490 076B                      u571 07CF  
                    u627 07AE                      u491 076A                      u580 07D9  
                    u637 07E0                      u581 07D8                      u590 07EA  
                    u647 07F1                      u591 07E9                      wreg 0009  
                   _main 05A2                     btemp 007E                     start 0002  
                  ?_main 0070                    main@a 0073                    main@c 0075  
                  main@d 0071                    status 0003                    wtemp0 007E  
        __initialization 07FD             __end_of_main 07FD                   ??_main 0070  
__end_of__initialization 07FD           __pcstackCOMMON 0070               __pmaintext 05A2  
   end_of_initialization 07FD                _PORTCbits 000E                _TRISCbits 008E  
             main@state1 0078               main@state2 0077      start_initialization 07FD  
              ___latbits 0002                 _LATCbits 010E  
